<?xml version="1.0" encoding="UTF-8"?>
<testng-results skipped="0" failed="0" ignored="0" total="1" passed="1">
  <reporter-output>
  </reporter-output>
  <suite name="Default suite" duration-ms="38129" started-at="2020-01-21T13:10:47Z" finished-at="2020-01-21T13:11:26Z">
    <groups>
      <group name="cucumber">
        <method signature="CucumberRunner.feature(cucumber.api.testng.CucumberFeatureWrapper)[pri:0, instance:com.qaprosoft.carina.demo.API_CreateUserCucumberTest@471a9022]" name="feature" class="com.qaprosoft.carina.core.foundation.cucumber.CucumberRunner"/>
      </group> <!-- cucumber -->
    </groups>
    <test name="Default test" duration-ms="38129" started-at="2020-01-21T13:10:47Z" finished-at="2020-01-21T13:11:26Z">
      <class name="com.qaprosoft.carina.demo.API_CreateUserCucumberTest">
        <test-method status="PASS" signature="setUpClass()[pri:0, instance:com.qaprosoft.carina.demo.API_CreateUserCucumberTest@471a9022]" name="setUpClass" is-config="true" duration-ms="143" started-at="2020-01-21T13:10:48Z" finished-at="2020-01-21T13:10:48Z">
          <reporter-output>
          </reporter-output>
        </test-method> <!-- setUpClass -->
        <test-method status="PASS" signature="feature(cucumber.api.testng.CucumberFeatureWrapper)[pri:0, instance:com.qaprosoft.carina.demo.API_CreateUserCucumberTest@471a9022]" name="feature" duration-ms="32438" started-at="2020-01-21T13:10:48Z" description="Runs Cucumber Feature" data-provider="features" finished-at="2020-01-21T13:11:20Z">
          <params>
            <param index="0">
              <value>
                <![CDATA[Create User Details]]>
              </value>
            </param>
          </params>
          <reporter-output>
          </reporter-output>
        </test-method> <!-- feature -->
        <test-method status="PASS" signature="tearDownClass(org.testng.ITestContext)[pri:0, instance:com.qaprosoft.carina.demo.API_CreateUserCucumberTest@471a9022]" name="tearDownClass" is-config="true" duration-ms="4988" started-at="2020-01-21T13:11:21Z" finished-at="2020-01-21T13:11:26Z">
          <params>
            <param index="0">
              <value>
                <![CDATA[org.testng.TestRunner@303c55fa]]>
              </value>
            </param>
          </params>
          <reporter-output>
          </reporter-output>
        </test-method> <!-- tearDownClass -->
      </class> <!-- com.qaprosoft.carina.demo.API_CreateUserCucumberTest -->
    </test> <!-- Default test -->
  </suite> <!-- Default suite -->
</testng-results>
